[INFO] Scanning for projects...
[INFO] 
[INFO] ---------------------< com.example:review-service >---------------------
[INFO] Building review-service 1.0.0
[INFO]   from pom.xml
[INFO] --------------------------------[ jar ]---------------------------------
[INFO] 
[INFO] >>> spring-boot:4.0.0:run (default-cli) > test-compile @ review-service >>>
[INFO] 
[INFO] --- resources:3.3.1:resources (default-resources) @ review-service ---
[WARNING] Using platform encoding (UTF-8 actually) to copy filtered resources, i.e. build is platform dependent!
[INFO] Copying 1 resource from src/main/resources to target/classes
[INFO] 
[INFO] --- compiler:3.11.0:compile (default-compile) @ review-service ---
[INFO] Nothing to compile - all classes are up to date
[INFO] 
[INFO] --- resources:3.3.1:testResources (default-testResources) @ review-service ---
[WARNING] Using platform encoding (UTF-8 actually) to copy filtered resources, i.e. build is platform dependent!
[INFO] skip non existing resourceDirectory /Users/yn00000/Library/CloudStorage/OneDrive-BlackhawkNetwork,Inc/Desktop/HotelManagement/hotel-micro-enterprise/review-service/src/test/resources
[INFO] 
[INFO] --- compiler:3.11.0:testCompile (default-testCompile) @ review-service ---
[INFO] No sources to compile
[INFO] 
[INFO] <<< spring-boot:4.0.0:run (default-cli) < test-compile @ review-service <<<
[INFO] 
[INFO] 
[INFO] --- spring-boot:4.0.0:run (default-cli) @ review-service ---
[INFO] Attaching agents: []

  .   ____          _            __ _ _
 /\\ / ___'_ __ _ _(_)_ __  __ _ \ \ \ \
( ( )\___ | '_ | '_| | '_ \/ _` | \ \ \ \
 \\/  ___)| |_)| | | | | || (_| |  ) ) ) )
  '  |____| .__|_| |_|_| |_\__, | / / / /
 =========|_|==============|___/=/_/_/_/
 :: Spring Boot ::               (v2.7.12)

2025-12-17 23:25:18.396  INFO 84823 --- [           main] c.e.r.ReviewServiceApplication           : Starting ReviewServiceApplication using Java 17.0.17 on INBENYESHWNLM3 with PID 84823 (/Users/yn00000/Library/CloudStorage/OneDrive-BlackhawkNetwork,Inc/Desktop/HotelManagement/hotel-micro-enterprise/review-service/target/classes started by yn00000 in /Users/yn00000/Library/CloudStorage/OneDrive-BlackhawkNetwork,Inc/Desktop/HotelManagement/hotel-micro-enterprise/review-service)
2025-12-17 23:25:18.397  INFO 84823 --- [           main] c.e.r.ReviewServiceApplication           : No active profile set, falling back to 1 default profile: "default"
2025-12-17 23:25:18.618  INFO 84823 --- [           main] .s.d.r.c.RepositoryConfigurationDelegate : Bootstrapping Spring Data MongoDB repositories in DEFAULT mode.
2025-12-17 23:25:18.669  INFO 84823 --- [           main] .s.d.r.c.RepositoryConfigurationDelegate : Finished Spring Data repository scanning in 50 ms. Found 1 MongoDB repository interfaces.
2025-12-17 23:25:18.735  INFO 84823 --- [           main] o.s.cloud.context.scope.GenericScope     : BeanFactory id=c265f0b5-c801-3d23-852d-e7b52ce937f1
2025-12-17 23:25:18.852  INFO 84823 --- [           main] o.s.b.w.embedded.tomcat.TomcatWebServer  : Tomcat initialized with port(s): 8096 (http)
2025-12-17 23:25:18.858  INFO 84823 --- [           main] o.apache.catalina.core.StandardService   : Starting service [Tomcat]
2025-12-17 23:25:18.858  INFO 84823 --- [           main] org.apache.catalina.core.StandardEngine  : Starting Servlet engine: [Apache Tomcat/9.0.75]
2025-12-17 23:25:18.900  INFO 84823 --- [           main] o.a.c.c.C.[Tomcat].[localhost].[/]       : Initializing Spring embedded WebApplicationContext
2025-12-17 23:25:18.900  INFO 84823 --- [           main] w.s.c.ServletWebServerApplicationContext : Root WebApplicationContext: initialization completed in 489 ms
2025-12-17 23:25:19.375  INFO 84823 --- [           main] org.mongodb.driver.client                : MongoClient with metadata {"driver": {"name": "mongo-java-driver|sync|spring-boot", "version": "4.6.1"}, "os": {"type": "Darwin", "name": "Mac OS X", "architecture": "aarch64", "version": "15.7.2"}, "platform": "Java/Homebrew/17.0.17+0"} created with settings MongoClientSettings{readPreference=primary, writeConcern=WriteConcern{w=majority, wTimeout=null ms, journal=null}, retryWrites=true, retryReads=true, readConcern=ReadConcern{level=null}, credential=MongoCredential{mechanism=null, userName='hotel_db_user', source='admin', password=<hidden>, mechanismProperties=<hidden>}, streamFactoryFactory=null, commandListeners=[], codecRegistry=ProvidersCodecRegistry{codecProviders=[ValueCodecProvider{}, BsonValueCodecProvider{}, DBRefCodecProvider{}, DBObjectCodecProvider{}, DocumentCodecProvider{}, IterableCodecProvider{}, MapCodecProvider{}, GeoJsonCodecProvider{}, GridFSFileCodecProvider{}, Jsr310CodecProvider{}, JsonObjectCodecProvider{}, BsonCodecProvider{}, EnumCodecProvider{}, com.mongodb.Jep395RecordCodecProvider@1526f71]}, clusterSettings={hosts=[127.0.0.1:27017], srvHost=hotelmanagement.yzu70xs.mongodb.net, srvServiceName=mongodb, mode=MULTIPLE, requiredClusterType=REPLICA_SET, requiredReplicaSetName='atlas-103dou-shard-0', serverSelector='null', clusterListeners='[]', serverSelectionTimeout='30000 ms', localThreshold='30000 ms'}, socketSettings=SocketSettings{connectTimeoutMS=10000, readTimeoutMS=0, receiveBufferSize=0, sendBufferSize=0}, heartbeatSocketSettings=SocketSettings{connectTimeoutMS=10000, readTimeoutMS=10000, receiveBufferSize=0, sendBufferSize=0}, connectionPoolSettings=ConnectionPoolSettings{maxSize=100, minSize=0, maxWaitTimeMS=120000, maxConnectionLifeTimeMS=0, maxConnectionIdleTimeMS=0, maintenanceInitialDelayMS=0, maintenanceFrequencyMS=60000, connectionPoolListeners=[], maxConnecting=2}, serverSettings=ServerSettings{heartbeatFrequencyMS=10000, minHeartbeatFrequencyMS=500, serverListeners='[]', serverMonitorListeners='[]'}, sslSettings=SslSettings{enabled=true, invalidHostNameAllowed=false, context=null}, applicationName='null', compressorList=[], uuidRepresentation=JAVA_LEGACY, serverApi=null, autoEncryptionSettings=null, contextProvider=null}
2025-12-17 23:25:19.433  INFO 84823 --- [0xs.mongodb.net] org.mongodb.driver.cluster               : Adding discovered server ac-04ocyfk-shard-00-01.yzu70xs.mongodb.net:27017 to client view of cluster
2025-12-17 23:25:19.448  INFO 84823 --- [0xs.mongodb.net] org.mongodb.driver.cluster               : Adding discovered server ac-04ocyfk-shard-00-00.yzu70xs.mongodb.net:27017 to client view of cluster
2025-12-17 23:25:19.449  INFO 84823 --- [0xs.mongodb.net] org.mongodb.driver.cluster               : Adding discovered server ac-04ocyfk-shard-00-02.yzu70xs.mongodb.net:27017 to client view of cluster
2025-12-17 23:25:19.521  WARN 84823 --- [           main] o.s.data.convert.CustomConversions       : Registering converter from class java.time.LocalDateTime to class org.joda.time.LocalDateTime as reading converter although it doesn't convert from a store-supported type; You might want to check your annotation setup at the converter implementation
2025-12-17 23:25:19.559  WARN 84823 --- [           main] o.s.data.convert.CustomConversions       : Registering converter from class java.time.LocalDateTime to class org.joda.time.LocalDateTime as reading converter although it doesn't convert from a store-supported type; You might want to check your annotation setup at the converter implementation
2025-12-17 23:25:20.009  INFO 84823 --- [           main] DiscoveryClientOptionalArgsConfiguration : Eureka HTTP Client uses RestTemplate.
2025-12-17 23:25:20.037  WARN 84823 --- [           main] iguration$LoadBalancerCaffeineWarnLogger : Spring Cloud LoadBalancer is currently working with the default cache. While this cache implementation is useful for development and tests, it's recommended to use Caffeine cache in production.You can switch to using Caffeine cache, by adding it and org.springframework.cache.caffeine.CaffeineCacheManager to the classpath.
2025-12-17 23:25:20.045  INFO 84823 --- [           main] o.s.c.n.eureka.InstanceInfoFactory       : Setting initial instance status as: STARTING
2025-12-17 23:25:20.082  INFO 84823 --- [           main] com.netflix.discovery.DiscoveryClient    : Initializing Eureka in region us-east-1
2025-12-17 23:25:20.085  INFO 84823 --- [           main] c.n.d.s.r.aws.ConfigClusterResolver      : Resolving eureka endpoints via configuration
2025-12-17 23:25:20.097  INFO 84823 --- [           main] com.netflix.discovery.DiscoveryClient    : Disable delta property : false
2025-12-17 23:25:20.097  INFO 84823 --- [           main] com.netflix.discovery.DiscoveryClient    : Single vip registry refresh property : null
2025-12-17 23:25:20.097  INFO 84823 --- [           main] com.netflix.discovery.DiscoveryClient    : Force full registry fetch : false
2025-12-17 23:25:20.097  INFO 84823 --- [           main] com.netflix.discovery.DiscoveryClient    : Application is null : false
2025-12-17 23:25:20.097  INFO 84823 --- [           main] com.netflix.discovery.DiscoveryClient    : Registered Applications size is zero : true
2025-12-17 23:25:20.098  INFO 84823 --- [           main] com.netflix.discovery.DiscoveryClient    : Application version is -1: true
2025-12-17 23:25:20.098  INFO 84823 --- [           main] com.netflix.discovery.DiscoveryClient    : Getting all instance registry info from the eureka server
2025-12-17 23:25:20.195  INFO 84823 --- [           main] com.netflix.discovery.DiscoveryClient    : The response status is 200
2025-12-17 23:25:20.196  INFO 84823 --- [           main] com.netflix.discovery.DiscoveryClient    : Starting heartbeat executor: renew interval is: 30
2025-12-17 23:25:20.197  INFO 84823 --- [           main] c.n.discovery.InstanceInfoReplicator     : InstanceInfoReplicator onDemand update allowed rate per min is 4
2025-12-17 23:25:20.202  INFO 84823 --- [           main] com.netflix.discovery.DiscoveryClient    : Discovery Client initialized at timestamp 1765994120201 with initial instances count: 7
2025-12-17 23:25:20.202  INFO 84823 --- [           main] o.s.c.n.e.s.EurekaServiceRegistry        : Registering application REVIEW-SERVICE with eureka with status UP
2025-12-17 23:25:20.202  INFO 84823 --- [           main] com.netflix.discovery.DiscoveryClient    : Saw local status change event StatusChangeEvent [timestamp=1765994120202, current=UP, previous=STARTING]
2025-12-17 23:25:20.203  INFO 84823 --- [nfoReplicator-0] com.netflix.discovery.DiscoveryClient    : DiscoveryClient_REVIEW-SERVICE/mac.lan:REVIEW-SERVICE:8096: registering service...
2025-12-17 23:25:20.224  INFO 84823 --- [           main] o.s.b.w.embedded.tomcat.TomcatWebServer  : Tomcat started on port(s): 8096 (http) with context path ''
2025-12-17 23:25:20.225  INFO 84823 --- [           main] .s.c.n.e.s.EurekaAutoServiceRegistration : Updating port to 8096
2025-12-17 23:25:20.236  INFO 84823 --- [           main] c.e.r.ReviewServiceApplication           : Started ReviewServiceApplication in 2.039 seconds (JVM running for 2.157)
2025-12-17 23:25:20.236  INFO 84823 --- [nfoReplicator-0] com.netflix.discovery.DiscoveryClient    : DiscoveryClient_REVIEW-SERVICE/mac.lan:REVIEW-SERVICE:8096 - registration status: 204
2025-12-17 23:25:20.260  INFO 84823 --- [ngodb.net:27017] org.mongodb.driver.connection            : Opened connection [connectionId{localValue:5, serverValue:5477}] to ac-04ocyfk-shard-00-00.yzu70xs.mongodb.net:27017
2025-12-17 23:25:20.260  INFO 84823 --- [ngodb.net:27017] org.mongodb.driver.connection            : Opened connection [connectionId{localValue:6, serverValue:5475}] to ac-04ocyfk-shard-00-00.yzu70xs.mongodb.net:27017
2025-12-17 23:25:20.263  INFO 84823 --- [ngodb.net:27017] org.mongodb.driver.cluster               : Monitor thread successfully connected to server with description ServerDescription{address=ac-04ocyfk-shard-00-00.yzu70xs.mongodb.net:27017, type=REPLICA_SET_SECONDARY, state=CONNECTED, ok=true, minWireVersion=0, maxWireVersion=25, maxDocumentSize=16777216, logicalSessionTimeoutMinutes=30, roundTripTimeNanos=232655208, setName='atlas-103dou-shard-0', canonicalAddress=ac-04ocyfk-shard-00-00.yzu70xs.mongodb.net:27017, hosts=[ac-04ocyfk-shard-00-00.yzu70xs.mongodb.net:27017, ac-04ocyfk-shard-00-02.yzu70xs.mongodb.net:27017, ac-04ocyfk-shard-00-01.yzu70xs.mongodb.net:27017], passives=[], arbiters=[], primary='ac-04ocyfk-shard-00-02.yzu70xs.mongodb.net:27017', tagSet=TagSet{[Tag{name='availabilityZone', value='aps1-az1'}, Tag{name='diskState', value='READY'}, Tag{name='nodeType', value='ELECTABLE'}, Tag{name='provider', value='AWS'}, Tag{name='region', value='AP_SOUTH_1'}, Tag{name='workloadType', value='OPERATIONAL'}]}, electionId=null, setVersion=247, topologyVersion=TopologyVersion{processId=6942d96b24f2d8692bcae926, counter=4}, lastWriteDate=Wed Dec 17 23:25:20 IST 2025, lastUpdateTimeNanos=594809369694291}
2025-12-17 23:25:20.938  INFO 84823 --- [ngodb.net:27017] org.mongodb.driver.connection            : Opened connection [connectionId{localValue:2, serverValue:5260}] to ac-04ocyfk-shard-00-01.yzu70xs.mongodb.net:27017
2025-12-17 23:25:20.939  INFO 84823 --- [ngodb.net:27017] org.mongodb.driver.cluster               : Monitor thread successfully connected to server with description ServerDescription{address=ac-04ocyfk-shard-00-01.yzu70xs.mongodb.net:27017, type=REPLICA_SET_SECONDARY, state=CONNECTED, ok=true, minWireVersion=0, maxWireVersion=25, maxDocumentSize=16777216, logicalSessionTimeoutMinutes=30, roundTripTimeNanos=147494208, setName='atlas-103dou-shard-0', canonicalAddress=ac-04ocyfk-shard-00-01.yzu70xs.mongodb.net:27017, hosts=[ac-04ocyfk-shard-00-00.yzu70xs.mongodb.net:27017, ac-04ocyfk-shard-00-02.yzu70xs.mongodb.net:27017, ac-04ocyfk-shard-00-01.yzu70xs.mongodb.net:27017], passives=[], arbiters=[], primary='ac-04ocyfk-shard-00-02.yzu70xs.mongodb.net:27017', tagSet=TagSet{[Tag{name='availabilityZone', value='aps1-az3'}, Tag{name='diskState', value='READY'}, Tag{name='nodeType', value='ELECTABLE'}, Tag{name='provider', value='AWS'}, Tag{name='region', value='AP_SOUTH_1'}, Tag{name='workloadType', value='OPERATIONAL'}]}, electionId=null, setVersion=247, topologyVersion=TopologyVersion{processId=6942da071c05200fb5d1e444, counter=3}, lastWriteDate=Wed Dec 17 23:25:20 IST 2025, lastUpdateTimeNanos=594810048330291}
2025-12-17 23:25:20.941  INFO 84823 --- [ngodb.net:27017] org.mongodb.driver.connection            : Opened connection [connectionId{localValue:1, serverValue:5260}] to ac-04ocyfk-shard-00-01.yzu70xs.mongodb.net:27017
2025-12-17 23:25:21.118  INFO 84823 --- [ngodb.net:27017] org.mongodb.driver.connection            : Opened connection [connectionId{localValue:3, serverValue:6116}] to ac-04ocyfk-shard-00-02.yzu70xs.mongodb.net:27017
2025-12-17 23:25:21.136  INFO 84823 --- [ngodb.net:27017] org.mongodb.driver.connection            : Opened connection [connectionId{localValue:4, serverValue:6116}] to ac-04ocyfk-shard-00-02.yzu70xs.mongodb.net:27017
2025-12-17 23:25:21.136  INFO 84823 --- [ngodb.net:27017] org.mongodb.driver.cluster               : Monitor thread successfully connected to server with description ServerDescription{address=ac-04ocyfk-shard-00-02.yzu70xs.mongodb.net:27017, type=REPLICA_SET_PRIMARY, state=CONNECTED, ok=true, minWireVersion=0, maxWireVersion=25, maxDocumentSize=16777216, logicalSessionTimeoutMinutes=30, roundTripTimeNanos=159001500, setName='atlas-103dou-shard-0', canonicalAddress=ac-04ocyfk-shard-00-02.yzu70xs.mongodb.net:27017, hosts=[ac-04ocyfk-shard-00-00.yzu70xs.mongodb.net:27017, ac-04ocyfk-shard-00-02.yzu70xs.mongodb.net:27017, ac-04ocyfk-shard-00-01.yzu70xs.mongodb.net:27017], passives=[], arbiters=[], primary='ac-04ocyfk-shard-00-02.yzu70xs.mongodb.net:27017', tagSet=TagSet{[Tag{name='availabilityZone', value='aps1-az2'}, Tag{name='diskState', value='READY'}, Tag{name='nodeType', value='ELECTABLE'}, Tag{name='provider', value='AWS'}, Tag{name='region', value='AP_SOUTH_1'}, Tag{name='workloadType', value='OPERATIONAL'}]}, electionId=7fffffff0000000000000157, setVersion=247, topologyVersion=TopologyVersion{processId=6942d9b9a8a447aa5fb3d43c, counter=6}, lastWriteDate=Wed Dec 17 23:25:21 IST 2025, lastUpdateTimeNanos=594810246007458}
2025-12-17 23:25:21.136  INFO 84823 --- [ngodb.net:27017] org.mongodb.driver.cluster               : Setting max election id to 7fffffff0000000000000157 from replica set primary ac-04ocyfk-shard-00-02.yzu70xs.mongodb.net:27017
2025-12-17 23:25:21.136  INFO 84823 --- [ngodb.net:27017] org.mongodb.driver.cluster               : Setting max set version to 247 from replica set primary ac-04ocyfk-shard-00-02.yzu70xs.mongodb.net:27017
2025-12-17 23:25:21.136  INFO 84823 --- [ngodb.net:27017] org.mongodb.driver.cluster               : Discovered replica set primary ac-04ocyfk-shard-00-02.yzu70xs.mongodb.net:27017
2025-12-17 23:25:47.701  INFO 84823 --- [nio-8096-exec-1] o.a.c.c.C.[Tomcat].[localhost].[/]       : Initializing Spring DispatcherServlet 'dispatcherServlet'
2025-12-17 23:25:47.701  INFO 84823 --- [nio-8096-exec-1] o.s.web.servlet.DispatcherServlet        : Initializing Servlet 'dispatcherServlet'
2025-12-17 23:25:47.702  INFO 84823 --- [nio-8096-exec-1] o.s.web.servlet.DispatcherServlet        : Completed initialization in 1 ms
2025-12-17 23:25:48.073  INFO 84823 --- [nio-8096-exec-1] org.mongodb.driver.connection            : Opened connection [connectionId{localValue:7, serverValue:6296}] to ac-04ocyfk-shard-00-02.yzu70xs.mongodb.net:27017
Failed to send notification: 400 : "{"timestamp":"2025-12-17T17:55:48.277+00:00","status":400,"error":"Bad Request","path":"/api/notifications"}"
2025-12-17 23:28:04.049  INFO 84823 --- [ionShutdownHook] o.s.c.n.e.s.EurekaServiceRegistry        : Unregistering application REVIEW-SERVICE with eureka with status DOWN
2025-12-17 23:28:04.049  INFO 84823 --- [ionShutdownHook] com.netflix.discovery.DiscoveryClient    : Saw local status change event StatusChangeEvent [timestamp=1765994284049, current=DOWN, previous=UP]
2025-12-17 23:28:04.049  INFO 84823 --- [nfoReplicator-0] com.netflix.discovery.DiscoveryClient    : DiscoveryClient_REVIEW-SERVICE/mac.lan:REVIEW-SERVICE:8096: registering service...
2025-12-17 23:28:04.052  INFO 84823 --- [nfoReplicator-0] com.netflix.discovery.DiscoveryClient    : DiscoveryClient_REVIEW-SERVICE/mac.lan:REVIEW-SERVICE:8096 - registration status: 204
2025-12-17 23:28:05.291  INFO 84823 --- [ionShutdownHook] com.netflix.discovery.DiscoveryClient    : Shutting down DiscoveryClient ...
2025-12-17 23:28:08.297  INFO 84823 --- [ionShutdownHook] com.netflix.discovery.DiscoveryClient    : Unregistering ...
2025-12-17 23:28:08.300  INFO 84823 --- [ionShutdownHook] com.netflix.discovery.DiscoveryClient    : DiscoveryClient_REVIEW-SERVICE/mac.lan:REVIEW-SERVICE:8096 - deregister  status: 200
2025-12-17 23:28:08.303  INFO 84823 --- [ionShutdownHook] com.netflix.discovery.DiscoveryClient    : Completed shut down of DiscoveryClient
